0 info it worked if it ends with ok
1 verbose cli [ '/Users/jebrielabdul/opt/miniconda3/bin/node',
1 verbose cli   '/Users/jebrielabdul/opt/miniconda3/bin/npm',
1 verbose cli   'install',
1 verbose cli   'ejs,',
1 verbose cli   'express,',
1 verbose cli   'path,',
1 verbose cli   'nodemon' ]
2 info using npm@3.10.10
3 info using node@v6.13.1
4 silly loadCurrentTree Starting
5 silly install loadCurrentTree
6 silly install readLocalPackageData
7 silly fetchPackageMetaData ejs,
8 silly fetchPackageMetaData express,
9 silly fetchPackageMetaData path,
10 silly fetchPackageMetaData nodemon@^2.0.3
11 silly fetchNamedPackageData nodemon
12 silly mapToRegistry name nodemon
13 silly mapToRegistry using default registry
14 silly mapToRegistry registry https://registry.npmjs.org/
15 silly mapToRegistry data Result {
15 silly mapToRegistry   raw: 'nodemon',
15 silly mapToRegistry   scope: null,
15 silly mapToRegistry   escapedName: 'nodemon',
15 silly mapToRegistry   name: 'nodemon',
15 silly mapToRegistry   rawSpec: '',
15 silly mapToRegistry   spec: 'latest',
15 silly mapToRegistry   type: 'tag' }
16 silly mapToRegistry uri https://registry.npmjs.org/nodemon
17 silly fetchOtherPackageData ejs,
18 silly cache add args [ 'ejs,', null ]
19 verbose cache add spec ejs,
20 silly fetchOtherPackageData express,
21 silly cache add args [ 'express,', null ]
22 verbose cache add spec express,
23 silly fetchOtherPackageData path,
24 silly cache add args [ 'path,', null ]
25 verbose cache add spec path,
26 verbose request uri https://registry.npmjs.org/nodemon
27 verbose request no auth needed
28 info attempt registry request try #1 at 8:59:56 AM
29 verbose request id 02b8d0bc2809a125
30 http request GET https://registry.npmjs.org/nodemon
31 silly cache add parsed spec Result {
31 silly cache add   raw: 'ejs,',
31 silly cache add   scope: null,
31 silly cache add   escapedName: null,
31 silly cache add   name: null,
31 silly cache add   rawSpec: 'ejs,',
31 silly cache add   spec: '/Users/jebrielabdul/Desktop/MakerJam23/IRIS/dynamic-server/ejs,',
31 silly cache add   type: 'local' }
32 silly cache add parsed spec Result {
32 silly cache add   raw: 'express,',
32 silly cache add   scope: null,
32 silly cache add   escapedName: null,
32 silly cache add   name: null,
32 silly cache add   rawSpec: 'express,',
32 silly cache add   spec: '/Users/jebrielabdul/Desktop/MakerJam23/IRIS/dynamic-server/express,',
32 silly cache add   type: 'local' }
33 silly cache add parsed spec Result {
33 silly cache add   raw: 'path,',
33 silly cache add   scope: null,
33 silly cache add   escapedName: null,
33 silly cache add   name: null,
33 silly cache add   rawSpec: 'path,',
33 silly cache add   spec: '/Users/jebrielabdul/Desktop/MakerJam23/IRIS/dynamic-server/path,',
33 silly cache add   type: 'local' }
34 error addLocal Could not install /Users/jebrielabdul/Desktop/MakerJam23/IRIS/dynamic-server/ejs,
35 silly fetchPackageMetaData Error: ENOENT: no such file or directory, open '/Users/jebrielabdul/Desktop/MakerJam23/IRIS/dynamic-server/ejs,'
35 silly fetchPackageMetaData     at Error (native)
35 silly fetchPackageMetaData  error for ejs, { Error: ENOENT: no such file or directory, open '/Users/jebrielabdul/Desktop/MakerJam23/IRIS/dynamic-server/ejs,'
35 silly fetchPackageMetaData     at Error (native)
35 silly fetchPackageMetaData   errno: -2,
35 silly fetchPackageMetaData   code: 'ENOENT',
35 silly fetchPackageMetaData   syscall: 'open',
35 silly fetchPackageMetaData   path: '/Users/jebrielabdul/Desktop/MakerJam23/IRIS/dynamic-server/ejs,' }
36 error addLocal Could not install /Users/jebrielabdul/Desktop/MakerJam23/IRIS/dynamic-server/express,
37 silly fetchPackageMetaData Error: ENOENT: no such file or directory, open '/Users/jebrielabdul/Desktop/MakerJam23/IRIS/dynamic-server/express,'
37 silly fetchPackageMetaData     at Error (native)
37 silly fetchPackageMetaData  error for express, { Error: ENOENT: no such file or directory, open '/Users/jebrielabdul/Desktop/MakerJam23/IRIS/dynamic-server/express,'
37 silly fetchPackageMetaData     at Error (native)
37 silly fetchPackageMetaData   errno: -2,
37 silly fetchPackageMetaData   code: 'ENOENT',
37 silly fetchPackageMetaData   syscall: 'open',
37 silly fetchPackageMetaData   path: '/Users/jebrielabdul/Desktop/MakerJam23/IRIS/dynamic-server/express,' }
38 error addLocal Could not install /Users/jebrielabdul/Desktop/MakerJam23/IRIS/dynamic-server/path,
39 silly fetchPackageMetaData Error: ENOENT: no such file or directory, open '/Users/jebrielabdul/Desktop/MakerJam23/IRIS/dynamic-server/path,'
39 silly fetchPackageMetaData     at Error (native)
39 silly fetchPackageMetaData  error for path, { Error: ENOENT: no such file or directory, open '/Users/jebrielabdul/Desktop/MakerJam23/IRIS/dynamic-server/path,'
39 silly fetchPackageMetaData     at Error (native)
39 silly fetchPackageMetaData   errno: -2,
39 silly fetchPackageMetaData   code: 'ENOENT',
39 silly fetchPackageMetaData   syscall: 'open',
39 silly fetchPackageMetaData   path: '/Users/jebrielabdul/Desktop/MakerJam23/IRIS/dynamic-server/path,' }
40 http 200 https://registry.npmjs.org/nodemon
41 verbose headers { date: 'Sun, 05 Mar 2023 13:59:57 GMT',
41 verbose headers   'content-type': 'application/json',
41 verbose headers   'transfer-encoding': 'chunked',
41 verbose headers   connection: 'keep-alive',
41 verbose headers   'cf-ray': '7a32e1e65f69ab3b-YYZ',
41 verbose headers   'access-control-allow-origin': '*',
41 verbose headers   age: '254',
41 verbose headers   'cache-control': 'public, max-age=300',
41 verbose headers   etag: 'W/"b216aa600413d9b6edb93139049a8cc4"',
41 verbose headers   'last-modified': 'Thu, 02 Mar 2023 16:52:59 GMT',
41 verbose headers   vary: 'accept-encoding, accept',
41 verbose headers   'cf-cache-status': 'HIT',
41 verbose headers   'x-amz-replication-status': 'COMPLETED',
41 verbose headers   'x-amz-server-side-encryption': 'AES256',
41 verbose headers   server: 'cloudflare',
41 verbose headers   'content-encoding': 'gzip' }
42 silly get cb [ 200,
42 silly get   { date: 'Sun, 05 Mar 2023 13:59:57 GMT',
42 silly get     'content-type': 'application/json',
42 silly get     'transfer-encoding': 'chunked',
42 silly get     connection: 'keep-alive',
42 silly get     'cf-ray': '7a32e1e65f69ab3b-YYZ',
42 silly get     'access-control-allow-origin': '*',
42 silly get     age: '254',
42 silly get     'cache-control': 'public, max-age=300',
42 silly get     etag: 'W/"b216aa600413d9b6edb93139049a8cc4"',
42 silly get     'last-modified': 'Thu, 02 Mar 2023 16:52:59 GMT',
42 silly get     vary: 'accept-encoding, accept',
42 silly get     'cf-cache-status': 'HIT',
42 silly get     'x-amz-replication-status': 'COMPLETED',
42 silly get     'x-amz-server-side-encryption': 'AES256',
42 silly get     server: 'cloudflare',
42 silly get     'content-encoding': 'gzip' } ]
43 verbose get saving nodemon to /Users/jebrielabdul/.npm/registry.npmjs.org/nodemon/.cache.json
44 verbose correctMkdir /Users/jebrielabdul/.npm correctMkdir not in flight; initializing
45 verbose makeDirectory /Users/jebrielabdul/.npm creation not in flight; initializing
46 silly makeDirectory /Users/jebrielabdul/.npm uid: 501 gid: 20
47 silly rollbackFailedOptional Starting
48 silly rollbackFailedOptional Finishing
49 silly runTopLevelLifecycles Finishing
50 silly install printInstalled
51 verbose stack Error: ENOENT: no such file or directory, open '/Users/jebrielabdul/Desktop/MakerJam23/IRIS/dynamic-server/ejs,'
51 verbose stack     at Error (native)
52 verbose cwd /Users/jebrielabdul/Desktop/MakerJam23/IRIS/dynamic-server
53 error Darwin 21.5.0
54 error argv "/Users/jebrielabdul/opt/miniconda3/bin/node" "/Users/jebrielabdul/opt/miniconda3/bin/npm" "install" "ejs," "express," "path," "nodemon"
55 error node v6.13.1
56 error npm  v3.10.10
57 error path /Users/jebrielabdul/Desktop/MakerJam23/IRIS/dynamic-server/ejs,
58 error code ENOENT
59 error errno -2
60 error syscall open
61 error enoent ENOENT: no such file or directory, open '/Users/jebrielabdul/Desktop/MakerJam23/IRIS/dynamic-server/ejs,'
62 error enoent ENOENT: no such file or directory, open '/Users/jebrielabdul/Desktop/MakerJam23/IRIS/dynamic-server/ejs,'
62 error enoent This is most likely not a problem with npm itself
62 error enoent and is related to npm not being able to find a file.
63 verbose exit [ -2, true ]
